# This is the CMakeCache file.
# For build in directory: /p/home/jusers/linssen1/jusuf/NestBenchmark/nest-build
# It was generated by CMake: /p/software/jusuf/stages/2023/software/CMake/3.26.3-GCCcore-11.3.0/bin/cmake
# You can edit this file to change values found and used by cmake.
# If you do not want to change any of the values, simply exit the editor.
# If you do want to change a value, simply edit, save, and exit the editor.
# The syntax for the file is as follows:
# KEY:TYPE=VALUE
# KEY is the name of a variable in the cache.
# TYPE is a hint to GUIs for the type of VALUE, DO NOT EDIT TYPE!.
# VALUE is the current value for the KEY.

########################
# EXTERNAL cache entries
########################

//The directory containing a CMake configuration file for Boost.
Boost_DIR:PATH=/p/software/jusuf/stages/2023/software/Boost/1.79.0-GCCcore-11.3.0/lib64/cmake/Boost-1.79.0

//Path to a file.
Boost_INCLUDE_DIR:PATH=/p/software/jusuf/stages/2023/software/Boost/1.79.0-GCCcore-11.3.0/include

//Path to a program.
CMAKE_ADDR2LINE:FILEPATH=/p/software/jusuf/stages/2023/software/binutils/2.38-GCCcore-11.3.0/bin/addr2line

//Path to a program.
CMAKE_AR:FILEPATH=/p/software/jusuf/stages/2023/software/binutils/2.38-GCCcore-11.3.0/bin/ar

//Choose the type of build, options are: None Debug Release RelWithDebInfo
// MinSizeRel ...
CMAKE_BUILD_TYPE:STRING=

//Enable/Disable color output during build.
CMAKE_COLOR_MAKEFILE:BOOL=ON

//CXX compiler
CMAKE_CXX_COMPILER:FILEPATH=/p/software/jusuf/stages/2023/software/GCCcore/11.3.0/bin/c++

//A wrapper around 'ar' adding the appropriate '--plugin' option
// for the GCC compiler
CMAKE_CXX_COMPILER_AR:FILEPATH=/p/software/jusuf/stages/2023/software/GCCcore/11.3.0/bin/gcc-ar

//A wrapper around 'ranlib' adding the appropriate '--plugin' option
// for the GCC compiler
CMAKE_CXX_COMPILER_RANLIB:FILEPATH=/p/software/jusuf/stages/2023/software/GCCcore/11.3.0/bin/gcc-ranlib

//Flags used by the CXX compiler during all build types.
CMAKE_CXX_FLAGS:STRING=

//Flags used by the CXX compiler during DEBUG builds.
CMAKE_CXX_FLAGS_DEBUG:STRING=-g

//Flags used by the CXX compiler during MINSIZEREL builds.
CMAKE_CXX_FLAGS_MINSIZEREL:STRING=-Os -DNDEBUG

//Flags used by the CXX compiler during RELEASE builds.
CMAKE_CXX_FLAGS_RELEASE:STRING=-O3 -DNDEBUG

//Flags used by the CXX compiler during RELWITHDEBINFO builds.
CMAKE_CXX_FLAGS_RELWITHDEBINFO:STRING=-O2 -g -DNDEBUG

//C compiler
CMAKE_C_COMPILER:FILEPATH=/p/software/jusuf/stages/2023/software/GCCcore/11.3.0/bin/cc

//A wrapper around 'ar' adding the appropriate '--plugin' option
// for the GCC compiler
CMAKE_C_COMPILER_AR:FILEPATH=/p/software/jusuf/stages/2023/software/GCCcore/11.3.0/bin/gcc-ar

//A wrapper around 'ranlib' adding the appropriate '--plugin' option
// for the GCC compiler
CMAKE_C_COMPILER_RANLIB:FILEPATH=/p/software/jusuf/stages/2023/software/GCCcore/11.3.0/bin/gcc-ranlib

//Flags used by the C compiler during all build types.
CMAKE_C_FLAGS:STRING=

//Flags used by the C compiler during DEBUG builds.
CMAKE_C_FLAGS_DEBUG:STRING=-g

//Flags used by the C compiler during MINSIZEREL builds.
CMAKE_C_FLAGS_MINSIZEREL:STRING=-Os -DNDEBUG

//Flags used by the C compiler during RELEASE builds.
CMAKE_C_FLAGS_RELEASE:STRING=-O3 -DNDEBUG

//Flags used by the C compiler during RELWITHDEBINFO builds.
CMAKE_C_FLAGS_RELWITHDEBINFO:STRING=-O2 -g -DNDEBUG

//Path to a program.
CMAKE_DLLTOOL:FILEPATH=CMAKE_DLLTOOL-NOTFOUND

//Flags used by the linker during all build types.
CMAKE_EXE_LINKER_FLAGS:STRING=

//Flags used by the linker during DEBUG builds.
CMAKE_EXE_LINKER_FLAGS_DEBUG:STRING=

//Flags used by the linker during MINSIZEREL builds.
CMAKE_EXE_LINKER_FLAGS_MINSIZEREL:STRING=

//Flags used by the linker during RELEASE builds.
CMAKE_EXE_LINKER_FLAGS_RELEASE:STRING=

//Flags used by the linker during RELWITHDEBINFO builds.
CMAKE_EXE_LINKER_FLAGS_RELWITHDEBINFO:STRING=

//Enable/Disable output of compile commands during generation.
CMAKE_EXPORT_COMPILE_COMMANDS:BOOL=

//Value Computed by CMake.
CMAKE_FIND_PACKAGE_REDIRECTS_DIR:STATIC=/p/home/jusers/linssen1/jusuf/NestBenchmark/nest-build/CMakeFiles/pkgRedirects

//User executables (bin)
CMAKE_INSTALL_BINDIR:PATH=bin

//Relative directory, where NEST installs its data (share/nest)
CMAKE_INSTALL_DATADIR:STRING=share/nest

//Read-only architecture-independent data root (share)
CMAKE_INSTALL_DATAROOTDIR:PATH=share

//Documentation root (DATAROOTDIR/doc/PROJECT_NAME)
CMAKE_INSTALL_DOCDIR:PATH=

//C header files (include)
CMAKE_INSTALL_INCLUDEDIR:PATH=include

//Info documentation (DATAROOTDIR/info)
CMAKE_INSTALL_INFODIR:PATH=

//Object code libraries (lib64)
CMAKE_INSTALL_LIBDIR:PATH=lib64

//Program executables (libexec)
CMAKE_INSTALL_LIBEXECDIR:PATH=libexec

//Locale-dependent data (DATAROOTDIR/locale)
CMAKE_INSTALL_LOCALEDIR:PATH=

//Modifiable single-machine data (var)
CMAKE_INSTALL_LOCALSTATEDIR:PATH=var

//Man documentation (DATAROOTDIR/man)
CMAKE_INSTALL_MANDIR:PATH=

//C header files for non-gcc (/usr/include)
CMAKE_INSTALL_OLDINCLUDEDIR:PATH=/usr/include

//No help, variable specified on the command line.
CMAKE_INSTALL_PREFIX:PATH=/p/home/jusers/linssen1/jusuf/NestBenchmark/nest-simulator-install

//Run-time variable data (LOCALSTATEDIR/run)
CMAKE_INSTALL_RUNSTATEDIR:PATH=

//System admin executables (sbin)
CMAKE_INSTALL_SBINDIR:PATH=sbin

//Modifiable architecture-independent data (com)
CMAKE_INSTALL_SHAREDSTATEDIR:PATH=com

//Read-only single-machine data (etc)
CMAKE_INSTALL_SYSCONFDIR:PATH=etc

//Path to a program.
CMAKE_LINKER:FILEPATH=/p/software/jusuf/stages/2023/software/binutils/2.38-GCCcore-11.3.0/bin/ld

//Path to a program.
CMAKE_MAKE_PROGRAM:FILEPATH=/usr/bin/gmake

//Flags used by the linker during the creation of modules during
// all build types.
CMAKE_MODULE_LINKER_FLAGS:STRING=

//Flags used by the linker during the creation of modules during
// DEBUG builds.
CMAKE_MODULE_LINKER_FLAGS_DEBUG:STRING=

//Flags used by the linker during the creation of modules during
// MINSIZEREL builds.
CMAKE_MODULE_LINKER_FLAGS_MINSIZEREL:STRING=

//Flags used by the linker during the creation of modules during
// RELEASE builds.
CMAKE_MODULE_LINKER_FLAGS_RELEASE:STRING=

//Flags used by the linker during the creation of modules during
// RELWITHDEBINFO builds.
CMAKE_MODULE_LINKER_FLAGS_RELWITHDEBINFO:STRING=

//Path to a program.
CMAKE_NM:FILEPATH=/p/software/jusuf/stages/2023/software/binutils/2.38-GCCcore-11.3.0/bin/nm

//Path to a program.
CMAKE_OBJCOPY:FILEPATH=/p/software/jusuf/stages/2023/software/binutils/2.38-GCCcore-11.3.0/bin/objcopy

//Path to a program.
CMAKE_OBJDUMP:FILEPATH=/p/software/jusuf/stages/2023/software/binutils/2.38-GCCcore-11.3.0/bin/objdump

//Value Computed by CMake
CMAKE_PROJECT_DESCRIPTION:STATIC=

//Value Computed by CMake
CMAKE_PROJECT_HOMEPAGE_URL:STATIC=

//Value Computed by CMake
CMAKE_PROJECT_NAME:STATIC=nest

//Path to a program.
CMAKE_RANLIB:FILEPATH=/p/software/jusuf/stages/2023/software/binutils/2.38-GCCcore-11.3.0/bin/ranlib

//Path to a program.
CMAKE_READELF:FILEPATH=/p/software/jusuf/stages/2023/software/binutils/2.38-GCCcore-11.3.0/bin/readelf

//Flags used by the linker during the creation of shared libraries
// during all build types.
CMAKE_SHARED_LINKER_FLAGS:STRING=

//Flags used by the linker during the creation of shared libraries
// during DEBUG builds.
CMAKE_SHARED_LINKER_FLAGS_DEBUG:STRING=

//Flags used by the linker during the creation of shared libraries
// during MINSIZEREL builds.
CMAKE_SHARED_LINKER_FLAGS_MINSIZEREL:STRING=

//Flags used by the linker during the creation of shared libraries
// during RELEASE builds.
CMAKE_SHARED_LINKER_FLAGS_RELEASE:STRING=

//Flags used by the linker during the creation of shared libraries
// during RELWITHDEBINFO builds.
CMAKE_SHARED_LINKER_FLAGS_RELWITHDEBINFO:STRING=

//If set, runtime paths are not added when installing shared libraries,
// but are added when building.
CMAKE_SKIP_INSTALL_RPATH:BOOL=NO

//If set, runtime paths are not added when using shared libraries.
CMAKE_SKIP_RPATH:BOOL=NO

//Flags used by the linker during the creation of static libraries
// during all build types.
CMAKE_STATIC_LINKER_FLAGS:STRING=

//Flags used by the linker during the creation of static libraries
// during DEBUG builds.
CMAKE_STATIC_LINKER_FLAGS_DEBUG:STRING=

//Flags used by the linker during the creation of static libraries
// during MINSIZEREL builds.
CMAKE_STATIC_LINKER_FLAGS_MINSIZEREL:STRING=

//Flags used by the linker during the creation of static libraries
// during RELEASE builds.
CMAKE_STATIC_LINKER_FLAGS_RELEASE:STRING=

//Flags used by the linker during the creation of static libraries
// during RELWITHDEBINFO builds.
CMAKE_STATIC_LINKER_FLAGS_RELWITHDEBINFO:STRING=

//Path to a program.
CMAKE_STRIP:FILEPATH=/p/software/jusuf/stages/2023/software/binutils/2.38-GCCcore-11.3.0/bin/strip

//If this value is on, makefiles will be generated without the
// .SILENT directive, and all commands will be echoed to the console
// during the make.  This is useful for debugging only. With Visual
// Studio IDE projects all commands are done without /nologo.
CMAKE_VERBOSE_MAKEFILE:BOOL=FALSE

//Create an annotated .html file when compiling *.pyx.
CYTHON_ANNOTATE:BOOL=OFF

//Path to a program.
CYTHON_EXECUTABLE:FILEPATH=/p/software/jusuf/stages/2023/software/Python/3.10.4-GCCcore-11.3.0/bin/cython

//Extra flags to the cython compiler.
CYTHON_FLAGS:STRING=

//Strip docstrings from the compiled module.
CYTHON_NO_DOCSTRINGS:BOOL=OFF

//Path to a library.
GSL_CBLAS_LIBRARY:FILEPATH=/p/software/jusuf/stages/2023/software/GSL/2.7-GCCcore-11.3.0/lib/libgslcblas.so

//Path to a library.
GSL_CBLAS_LIBRARY_DEBUG:FILEPATH=/p/software/jusuf/stages/2023/software/GSL/2.7-GCCcore-11.3.0/lib/libgslcblas.so

//Path to a file.
GSL_INCLUDE_DIR:PATH=/p/software/jusuf/stages/2023/software/GSL/2.7-GCCcore-11.3.0/include

//Path to a library.
GSL_LIBRARY:FILEPATH=/p/software/jusuf/stages/2023/software/GSL/2.7-GCCcore-11.3.0/lib/libgsl.so

//Path to a library.
GSL_LIBRARY_DEBUG:FILEPATH=/p/software/jusuf/stages/2023/software/GSL/2.7-GCCcore-11.3.0/lib/libgsl.so

GSL_ROOT_DIR:STRING=/p/software/jusuf/stages/2023/software/GSL/2.7-GCCcore-11.3.0

//Path to a program.
LIBTOOL_EXECUTABLE:FILEPATH=/p/software/jusuf/stages/2023/software/libtool/2.4.7-GCCcore-11.3.0/bin/libtool

//Path to a file.
LTDL_INCLUDE_DIR:PATH=/p/software/jusuf/stages/2023/software/libtool/2.4.7-GCCcore-11.3.0/include

//Path to a library.
LTDL_LIBRARY:FILEPATH=/p/software/jusuf/stages/2023/software/libtool/2.4.7-GCCcore-11.3.0/lib/libltdl.so

//CXX compiler flags for OpenMP parallelization
OpenMP_CXX_FLAGS:STRING=-fopenmp

//CXX compiler libraries for OpenMP parallelization
OpenMP_CXX_LIB_NAMES:STRING=gomp;pthread

//C compiler flags for OpenMP parallelization
OpenMP_C_FLAGS:STRING=-fopenmp

//C compiler libraries for OpenMP parallelization
OpenMP_C_LIB_NAMES:STRING=gomp;pthread

//Path to the gomp library for OpenMP
OpenMP_gomp_LIBRARY:FILEPATH=/p/software/jusuf/stages/2023/software/GCCcore/11.3.0/lib64/libgomp.so

//Path to the pthread library for OpenMP
OpenMP_pthread_LIBRARY:FILEPATH=/lib64/libpthread.so

//Arguments to supply to pkg-config
PKG_CONFIG_ARGN:STRING=

//pkg-config executable
PKG_CONFIG_EXECUTABLE:FILEPATH=/usr/bin/pkg-config

//Add module pynestkernel
PYTHON_ENABLE_MODULE_pynestkernel:BOOL=ON

//Add module pynestkernel shared
PYTHON_MODULE_pynestkernel_BUILD_SHARED:BOOL=ON

//Path to a program.
SED:FILEPATH=/usr/bin/sed

//The directory containing a CMake configuration file for boost_headers.
boost_headers_DIR:PATH=/p/software/jusuf/stages/2023/software/Boost/1.79.0-GCCcore-11.3.0/lib64/cmake/boost_headers-1.79.0

//Use Cython to cythonize pynestkernel.pyx [default=ON]. If OFF,
// PyNEST has to be build from a pre-cythonized pynestkernel.pyx.
cythonize-pynest:BOOL=ON

//External NEST modules to be linked in, separated by ';', [default=OFF].
external-modules:STRING=OFF

//Value Computed by CMake
nest_BINARY_DIR:STATIC=/p/home/jusers/linssen1/jusuf/NestBenchmark/nest-build

//Value Computed by CMake
nest_IS_TOP_LEVEL:STATIC=ON

//Value Computed by CMake
nest_SOURCE_DIR:STATIC=/p/home/jusers/linssen1/jusuf/NestBenchmark/nest-simulator

//Path to a library.
pkgcfg_lib_GSL_gsl:FILEPATH=/p/software/jusuf/stages/2023/software/GSL/2.7-GCCcore-11.3.0/lib/libgsl.so

//Path to a library.
pkgcfg_lib_GSL_gslcblas:FILEPATH=/p/software/jusuf/stages/2023/software/GSL/2.7-GCCcore-11.3.0/lib/libgslcblas.so

//Path to a library.
pkgcfg_lib_GSL_m:FILEPATH=/usr/lib64/libm.so

//Path to a library.
pkgcfg_lib_GSL_pthread:FILEPATH=/usr/lib64/libpthread.so

//Build static executable and libraries [default=OFF]
static-libraries:BOOL=OFF

//Split of the 64-bit target neuron identifier type [default='standard'].
// 'standard' is recommended for most users. If running on more
// than 262144 MPI processes or more than 512 threads, change to
// 'hpc'.
target-bits-split:STRING=standard

//Specify elementary unit of time [default=1000 tics per ms].
tics_per_ms:STRING=1000.0

//Specify resolution [default=100 tics per step].
tics_per_step:STRING=100

//Build with Boost [default=ON]. To set a specific Boost installation,
// give the install path.
with-boost:STRING=ON

//C++ standard to use for compilation [default='c++17'].
with-cpp-std:STRING=c++17

//Enable user defined debug flags [default=OFF]. When ON, '-g'
// is used. Separate  multiple flags by ';'.
with-debug:STRING=OFF

//Additional defines, e.g. '-DXYZ=1' [default=OFF]. Separate multiple
// defines by ';'.
with-defines:STRING=OFF

//Build with detailed internal time measurements [default=OFF].
// Detailed timers can affect the performance.
with-detailed-timers:STRING=ON

//Build developer documentation [default=OFF]
with-devdoc:STRING=OFF

//Write debug output to 'dump_<num_ranks>_<rank>.log' file [default=OFF]
with-full-logging:STRING=OFF

//Build with the GSL library [default=ON]. To set a specific library,
// give the install path.
with-gsl:STRING=ON

//Find a HDF5 library. To set a specific HDF5 installation, set
// install path. [default=ON]
with-hdf5:STRING=OFF

//Add additional include paths [default=OFF]. Give full path without
// '-I'. Separate multiple include paths by ';'.
with-includes:STRING=OFF

//User defined flags for the Intel compiler [default='-fp-model
// strict']. Separate multiple flags by ';'.
with-intel-compiler-flags:STRING=OFF

//Build with libneurosim [default=OFF]. Optionally give the directory
// where libneurosim is installed.
with-libneurosim:STRING=OFF

//Link additional libraries [default=OFF]. Give full path. Separate
// multiple libraries by ';'.
with-libraries:STRING=OFF

//Build with ltdl library [default=ON]. To set a specific ltdl,
// give the  install path. NEST uses ltdl for dynamic loading of
// external user modules.
with-ltdl:STRING=ON

//The models to include as a semicolon-separated list of model
// headers (without the .h extension). This option is mutually
// exclusive with -Dwith-modelset. [default=OFF].
with-models:STRING=OFF

//The modelset to include. Sample configurations are in the modelsets
// directory. This option is mutually exclusive with -Dwith-models.
// [default=full].
with-modelset:STRING=full

//Build with MPI parallelization [default=OFF].
with-mpi:STRING=OFF

//Build with MUSIC [default=OFF]. Optionally give the directory
// where MUSIC is installed.
with-music:STRING=OFF

//Build with OpenMP multi-threading [default=ON]. Optionally set
// OMP compiler flags.
with-openmp:BOOL=ON

//Enable user defined optimizations [default=ON (uses '-O2')].
// When OFF, no '-O' flag is passed to the compiler. Explicit compiler
// flags can be given; separate multiple flags by ';'.
with-optimize:STRING=-O3

//Build PyNEST [default=ON].
with-python:STRING=ON

//Build with GNU Readline library [default=ON]. To set a specific
// library, give the install path.
with-readline:STRING=OFF

//Build with SIONlib [default=OFF]. Optionally give the directory
// where sionlib is installed.
with-sionlib:STRING=OFF

//Build user documentation [default=OFF]
with-userdoc:STRING=OFF

//Enable user defined warnings [default=ON (uses '-Wall')]. Separate
//  multiple flags by ';'.
with-warning:STRING=ON


########################
# INTERNAL cache entries
########################

//ADVANCED property for variable: Boost_DIR
Boost_DIR-ADVANCED:INTERNAL=1
//ADVANCED property for variable: CMAKE_ADDR2LINE
CMAKE_ADDR2LINE-ADVANCED:INTERNAL=1
//ADVANCED property for variable: CMAKE_AR
CMAKE_AR-ADVANCED:INTERNAL=1
//This is the directory where this CMakeCache.txt was created
CMAKE_CACHEFILE_DIR:INTERNAL=/p/home/jusers/linssen1/jusuf/NestBenchmark/nest-build
//Major version of cmake used to create the current loaded cache
CMAKE_CACHE_MAJOR_VERSION:INTERNAL=3
//Minor version of cmake used to create the current loaded cache
CMAKE_CACHE_MINOR_VERSION:INTERNAL=26
//Patch version of cmake used to create the current loaded cache
CMAKE_CACHE_PATCH_VERSION:INTERNAL=3
//ADVANCED property for variable: CMAKE_COLOR_MAKEFILE
CMAKE_COLOR_MAKEFILE-ADVANCED:INTERNAL=1
//Path to CMake executable.
CMAKE_COMMAND:INTERNAL=/p/software/jusuf/stages/2023/software/CMake/3.26.3-GCCcore-11.3.0/bin/cmake
//Path to cpack program executable.
CMAKE_CPACK_COMMAND:INTERNAL=/p/software/jusuf/stages/2023/software/CMake/3.26.3-GCCcore-11.3.0/bin/cpack
//Path to ctest program executable.
CMAKE_CTEST_COMMAND:INTERNAL=/p/software/jusuf/stages/2023/software/CMake/3.26.3-GCCcore-11.3.0/bin/ctest
//ADVANCED property for variable: CMAKE_CXX_COMPILER
CMAKE_CXX_COMPILER-ADVANCED:INTERNAL=1
//ADVANCED property for variable: CMAKE_CXX_COMPILER_AR
CMAKE_CXX_COMPILER_AR-ADVANCED:INTERNAL=1
//ADVANCED property for variable: CMAKE_CXX_COMPILER_RANLIB
CMAKE_CXX_COMPILER_RANLIB-ADVANCED:INTERNAL=1
//ADVANCED property for variable: CMAKE_CXX_FLAGS
CMAKE_CXX_FLAGS-ADVANCED:INTERNAL=1
//ADVANCED property for variable: CMAKE_CXX_FLAGS_DEBUG
CMAKE_CXX_FLAGS_DEBUG-ADVANCED:INTERNAL=1
//ADVANCED property for variable: CMAKE_CXX_FLAGS_MINSIZEREL
CMAKE_CXX_FLAGS_MINSIZEREL-ADVANCED:INTERNAL=1
//ADVANCED property for variable: CMAKE_CXX_FLAGS_RELEASE
CMAKE_CXX_FLAGS_RELEASE-ADVANCED:INTERNAL=1
//ADVANCED property for variable: CMAKE_CXX_FLAGS_RELWITHDEBINFO
CMAKE_CXX_FLAGS_RELWITHDEBINFO-ADVANCED:INTERNAL=1
//ADVANCED property for variable: CMAKE_C_COMPILER
CMAKE_C_COMPILER-ADVANCED:INTERNAL=1
//ADVANCED property for variable: CMAKE_C_COMPILER_AR
CMAKE_C_COMPILER_AR-ADVANCED:INTERNAL=1
//ADVANCED property for variable: CMAKE_C_COMPILER_RANLIB
CMAKE_C_COMPILER_RANLIB-ADVANCED:INTERNAL=1
//ADVANCED property for variable: CMAKE_C_FLAGS
CMAKE_C_FLAGS-ADVANCED:INTERNAL=1
//ADVANCED property for variable: CMAKE_C_FLAGS_DEBUG
CMAKE_C_FLAGS_DEBUG-ADVANCED:INTERNAL=1
//ADVANCED property for variable: CMAKE_C_FLAGS_MINSIZEREL
CMAKE_C_FLAGS_MINSIZEREL-ADVANCED:INTERNAL=1
//ADVANCED property for variable: CMAKE_C_FLAGS_RELEASE
CMAKE_C_FLAGS_RELEASE-ADVANCED:INTERNAL=1
//ADVANCED property for variable: CMAKE_C_FLAGS_RELWITHDEBINFO
CMAKE_C_FLAGS_RELWITHDEBINFO-ADVANCED:INTERNAL=1
//ADVANCED property for variable: CMAKE_DLLTOOL
CMAKE_DLLTOOL-ADVANCED:INTERNAL=1
//Path to cache edit program executable.
CMAKE_EDIT_COMMAND:INTERNAL=/p/software/jusuf/stages/2023/software/CMake/3.26.3-GCCcore-11.3.0/bin/ccmake
//Executable file format
CMAKE_EXECUTABLE_FORMAT:INTERNAL=ELF
//ADVANCED property for variable: CMAKE_EXE_LINKER_FLAGS
CMAKE_EXE_LINKER_FLAGS-ADVANCED:INTERNAL=1
//ADVANCED property for variable: CMAKE_EXE_LINKER_FLAGS_DEBUG
CMAKE_EXE_LINKER_FLAGS_DEBUG-ADVANCED:INTERNAL=1
//ADVANCED property for variable: CMAKE_EXE_LINKER_FLAGS_MINSIZEREL
CMAKE_EXE_LINKER_FLAGS_MINSIZEREL-ADVANCED:INTERNAL=1
//ADVANCED property for variable: CMAKE_EXE_LINKER_FLAGS_RELEASE
CMAKE_EXE_LINKER_FLAGS_RELEASE-ADVANCED:INTERNAL=1
//ADVANCED property for variable: CMAKE_EXE_LINKER_FLAGS_RELWITHDEBINFO
CMAKE_EXE_LINKER_FLAGS_RELWITHDEBINFO-ADVANCED:INTERNAL=1
//ADVANCED property for variable: CMAKE_EXPORT_COMPILE_COMMANDS
CMAKE_EXPORT_COMPILE_COMMANDS-ADVANCED:INTERNAL=1
//Name of external makefile project generator.
CMAKE_EXTRA_GENERATOR:INTERNAL=
//Name of generator.
CMAKE_GENERATOR:INTERNAL=Unix Makefiles
//Generator instance identifier.
CMAKE_GENERATOR_INSTANCE:INTERNAL=
//Name of generator platform.
CMAKE_GENERATOR_PLATFORM:INTERNAL=
//Name of generator toolset.
CMAKE_GENERATOR_TOOLSET:INTERNAL=
//Source directory with the top level CMakeLists.txt file for this
// project
CMAKE_HOME_DIRECTORY:INTERNAL=/p/home/jusers/linssen1/jusuf/NestBenchmark/nest-simulator
//ADVANCED property for variable: CMAKE_INSTALL_BINDIR
CMAKE_INSTALL_BINDIR-ADVANCED:INTERNAL=1
//ADVANCED property for variable: CMAKE_INSTALL_DATADIR
CMAKE_INSTALL_DATADIR-ADVANCED:INTERNAL=1
//ADVANCED property for variable: CMAKE_INSTALL_DATAROOTDIR
CMAKE_INSTALL_DATAROOTDIR-ADVANCED:INTERNAL=1
//ADVANCED property for variable: CMAKE_INSTALL_DOCDIR
CMAKE_INSTALL_DOCDIR-ADVANCED:INTERNAL=1
//ADVANCED property for variable: CMAKE_INSTALL_INCLUDEDIR
CMAKE_INSTALL_INCLUDEDIR-ADVANCED:INTERNAL=1
//ADVANCED property for variable: CMAKE_INSTALL_INFODIR
CMAKE_INSTALL_INFODIR-ADVANCED:INTERNAL=1
//ADVANCED property for variable: CMAKE_INSTALL_LIBDIR
CMAKE_INSTALL_LIBDIR-ADVANCED:INTERNAL=1
//ADVANCED property for variable: CMAKE_INSTALL_LIBEXECDIR
CMAKE_INSTALL_LIBEXECDIR-ADVANCED:INTERNAL=1
//ADVANCED property for variable: CMAKE_INSTALL_LOCALEDIR
CMAKE_INSTALL_LOCALEDIR-ADVANCED:INTERNAL=1
//ADVANCED property for variable: CMAKE_INSTALL_LOCALSTATEDIR
CMAKE_INSTALL_LOCALSTATEDIR-ADVANCED:INTERNAL=1
//ADVANCED property for variable: CMAKE_INSTALL_MANDIR
CMAKE_INSTALL_MANDIR-ADVANCED:INTERNAL=1
//ADVANCED property for variable: CMAKE_INSTALL_OLDINCLUDEDIR
CMAKE_INSTALL_OLDINCLUDEDIR-ADVANCED:INTERNAL=1
//ADVANCED property for variable: CMAKE_INSTALL_RUNSTATEDIR
CMAKE_INSTALL_RUNSTATEDIR-ADVANCED:INTERNAL=1
//ADVANCED property for variable: CMAKE_INSTALL_SBINDIR
CMAKE_INSTALL_SBINDIR-ADVANCED:INTERNAL=1
//ADVANCED property for variable: CMAKE_INSTALL_SHAREDSTATEDIR
CMAKE_INSTALL_SHAREDSTATEDIR-ADVANCED:INTERNAL=1
//Install .so files without execute permission.
CMAKE_INSTALL_SO_NO_EXE:INTERNAL=0
//ADVANCED property for variable: CMAKE_INSTALL_SYSCONFDIR
CMAKE_INSTALL_SYSCONFDIR-ADVANCED:INTERNAL=1
//ADVANCED property for variable: CMAKE_LINKER
CMAKE_LINKER-ADVANCED:INTERNAL=1
//ADVANCED property for variable: CMAKE_MAKE_PROGRAM
CMAKE_MAKE_PROGRAM-ADVANCED:INTERNAL=1
//ADVANCED property for variable: CMAKE_MODULE_LINKER_FLAGS
CMAKE_MODULE_LINKER_FLAGS-ADVANCED:INTERNAL=1
//ADVANCED property for variable: CMAKE_MODULE_LINKER_FLAGS_DEBUG
CMAKE_MODULE_LINKER_FLAGS_DEBUG-ADVANCED:INTERNAL=1
//ADVANCED property for variable: CMAKE_MODULE_LINKER_FLAGS_MINSIZEREL
CMAKE_MODULE_LINKER_FLAGS_MINSIZEREL-ADVANCED:INTERNAL=1
//ADVANCED property for variable: CMAKE_MODULE_LINKER_FLAGS_RELEASE
CMAKE_MODULE_LINKER_FLAGS_RELEASE-ADVANCED:INTERNAL=1
//ADVANCED property for variable: CMAKE_MODULE_LINKER_FLAGS_RELWITHDEBINFO
CMAKE_MODULE_LINKER_FLAGS_RELWITHDEBINFO-ADVANCED:INTERNAL=1
//ADVANCED property for variable: CMAKE_NM
CMAKE_NM-ADVANCED:INTERNAL=1
//number of local generators
CMAKE_NUMBER_OF_MAKEFILES:INTERNAL=24
//ADVANCED property for variable: CMAKE_OBJCOPY
CMAKE_OBJCOPY-ADVANCED:INTERNAL=1
//ADVANCED property for variable: CMAKE_OBJDUMP
CMAKE_OBJDUMP-ADVANCED:INTERNAL=1
//Platform information initialized
CMAKE_PLATFORM_INFO_INITIALIZED:INTERNAL=1
//ADVANCED property for variable: CMAKE_RANLIB
CMAKE_RANLIB-ADVANCED:INTERNAL=1
//ADVANCED property for variable: CMAKE_READELF
CMAKE_READELF-ADVANCED:INTERNAL=1
//Path to CMake installation.
CMAKE_ROOT:INTERNAL=/p/software/jusuf/stages/2023/software/CMake/3.26.3-GCCcore-11.3.0/share/cmake-3.26
//ADVANCED property for variable: CMAKE_SHARED_LINKER_FLAGS
CMAKE_SHARED_LINKER_FLAGS-ADVANCED:INTERNAL=1
//ADVANCED property for variable: CMAKE_SHARED_LINKER_FLAGS_DEBUG
CMAKE_SHARED_LINKER_FLAGS_DEBUG-ADVANCED:INTERNAL=1
//ADVANCED property for variable: CMAKE_SHARED_LINKER_FLAGS_MINSIZEREL
CMAKE_SHARED_LINKER_FLAGS_MINSIZEREL-ADVANCED:INTERNAL=1
//ADVANCED property for variable: CMAKE_SHARED_LINKER_FLAGS_RELEASE
CMAKE_SHARED_LINKER_FLAGS_RELEASE-ADVANCED:INTERNAL=1
//ADVANCED property for variable: CMAKE_SHARED_LINKER_FLAGS_RELWITHDEBINFO
CMAKE_SHARED_LINKER_FLAGS_RELWITHDEBINFO-ADVANCED:INTERNAL=1
//ADVANCED property for variable: CMAKE_SKIP_INSTALL_RPATH
CMAKE_SKIP_INSTALL_RPATH-ADVANCED:INTERNAL=1
//ADVANCED property for variable: CMAKE_SKIP_RPATH
CMAKE_SKIP_RPATH-ADVANCED:INTERNAL=1
//ADVANCED property for variable: CMAKE_STATIC_LINKER_FLAGS
CMAKE_STATIC_LINKER_FLAGS-ADVANCED:INTERNAL=1
//ADVANCED property for variable: CMAKE_STATIC_LINKER_FLAGS_DEBUG
CMAKE_STATIC_LINKER_FLAGS_DEBUG-ADVANCED:INTERNAL=1
//ADVANCED property for variable: CMAKE_STATIC_LINKER_FLAGS_MINSIZEREL
CMAKE_STATIC_LINKER_FLAGS_MINSIZEREL-ADVANCED:INTERNAL=1
//ADVANCED property for variable: CMAKE_STATIC_LINKER_FLAGS_RELEASE
CMAKE_STATIC_LINKER_FLAGS_RELEASE-ADVANCED:INTERNAL=1
//ADVANCED property for variable: CMAKE_STATIC_LINKER_FLAGS_RELWITHDEBINFO
CMAKE_STATIC_LINKER_FLAGS_RELWITHDEBINFO-ADVANCED:INTERNAL=1
//ADVANCED property for variable: CMAKE_STRIP
CMAKE_STRIP-ADVANCED:INTERNAL=1
//uname command
CMAKE_UNAME:INTERNAL=/usr/bin/uname
//ADVANCED property for variable: CMAKE_VERBOSE_MAKEFILE
CMAKE_VERBOSE_MAKEFILE-ADVANCED:INTERNAL=1
//Result of TRY_COMPILE
COMPILE_RESULT:INTERNAL=TRUE
//Result of TRY_COMPILE
COMPILE_VAR:INTERNAL=TRUE
//ADVANCED property for variable: CYTHON_ANNOTATE
CYTHON_ANNOTATE-ADVANCED:INTERNAL=1
//ADVANCED property for variable: CYTHON_EXECUTABLE
CYTHON_EXECUTABLE-ADVANCED:INTERNAL=1
//ADVANCED property for variable: CYTHON_FLAGS
CYTHON_FLAGS-ADVANCED:INTERNAL=1
//ADVANCED property for variable: CYTHON_NO_DOCSTRINGS
CYTHON_NO_DOCSTRINGS-ADVANCED:INTERNAL=1
//Details about finding Boost
FIND_PACKAGE_MESSAGE_DETAILS_Boost:INTERNAL=[/p/software/jusuf/stages/2023/software/Boost/1.79.0-GCCcore-11.3.0/lib64/cmake/Boost-1.79.0/BoostConfig.cmake][c ][v1.79.0(1.69.0)]
//Details about finding Cython
FIND_PACKAGE_MESSAGE_DETAILS_Cython:INTERNAL=[/p/software/jusuf/stages/2023/software/Python/3.10.4-GCCcore-11.3.0/bin/cython][v0.29.28(0.28.3)]
//Details about finding GSL
FIND_PACKAGE_MESSAGE_DETAILS_GSL:INTERNAL=[/p/software/jusuf/stages/2023/software/GSL/2.7-GCCcore-11.3.0/include][/p/software/jusuf/stages/2023/software/GSL/2.7-GCCcore-11.3.0/lib/libgsl.so][/p/software/jusuf/stages/2023/software/GSL/2.7-GCCcore-11.3.0/lib/libgslcblas.so][v2.7()]
//Details about finding LTDL
FIND_PACKAGE_MESSAGE_DETAILS_LTDL:INTERNAL=[/p/software/jusuf/stages/2023/software/libtool/2.4.7-GCCcore-11.3.0/lib/libltdl.so][/p/software/jusuf/stages/2023/software/libtool/2.4.7-GCCcore-11.3.0/include][v2.4.7()]
//Details about finding OpenMP
FIND_PACKAGE_MESSAGE_DETAILS_OpenMP:INTERNAL=[TRUE][TRUE][c ][v4.5()]
//Details about finding OpenMP_C
FIND_PACKAGE_MESSAGE_DETAILS_OpenMP_C:INTERNAL=[-fopenmp][/p/software/jusuf/stages/2023/software/GCCcore/11.3.0/lib64/libgomp.so][/lib64/libpthread.so][v4.5()]
//Details about finding OpenMP_CXX
FIND_PACKAGE_MESSAGE_DETAILS_OpenMP_CXX:INTERNAL=[-fopenmp][/p/software/jusuf/stages/2023/software/GCCcore/11.3.0/lib64/libgomp.so][/lib64/libpthread.so][v4.5()]
//Details about finding PkgConfig
FIND_PACKAGE_MESSAGE_DETAILS_PkgConfig:INTERNAL=[/usr/bin/pkg-config][v1.4.2()]
//Details about finding Python
FIND_PACKAGE_MESSAGE_DETAILS_Python:INTERNAL=[/p/software/jusuf/stages/2023/software/Python/3.10.4-GCCcore-11.3.0/bin/python3.10][/p/software/jusuf/stages/2023/software/Python/3.10.4-GCCcore-11.3.0/include/python3.10][cfound components: Interpreter Development.Module ][v3.10.4(3.8)]
//ADVANCED property for variable: GSL_CBLAS_LIBRARY
GSL_CBLAS_LIBRARY-ADVANCED:INTERNAL=1
//ADVANCED property for variable: GSL_CBLAS_LIBRARY_DEBUG
GSL_CBLAS_LIBRARY_DEBUG-ADVANCED:INTERNAL=1
GSL_CFLAGS:INTERNAL=
GSL_CFLAGS_I:INTERNAL=
GSL_CFLAGS_OTHER:INTERNAL=
GSL_FOUND:INTERNAL=1
GSL_INCLUDEDIR:INTERNAL=/p/software/jusuf/stages/2023/software/GSL/2.7-GCCcore-11.3.0/include
//ADVANCED property for variable: GSL_INCLUDE_DIR
GSL_INCLUDE_DIR-ADVANCED:INTERNAL=1
GSL_INCLUDE_DIRS:INTERNAL=
GSL_LDFLAGS:INTERNAL=-L/p/software/jusuf/stages/2023/software/GSL/2.7-GCCcore-11.3.0/lib;-lgsl;-lgslcblas;-lm;-lpthread
GSL_LDFLAGS_OTHER:INTERNAL=
GSL_LIBDIR:INTERNAL=/p/software/jusuf/stages/2023/software/GSL/2.7-GCCcore-11.3.0/lib
GSL_LIBRARIES:INTERNAL=gsl;gslcblas;m;pthread
//ADVANCED property for variable: GSL_LIBRARY
GSL_LIBRARY-ADVANCED:INTERNAL=1
//ADVANCED property for variable: GSL_LIBRARY_DEBUG
GSL_LIBRARY_DEBUG-ADVANCED:INTERNAL=1
GSL_LIBRARY_DIRS:INTERNAL=/p/software/jusuf/stages/2023/software/GSL/2.7-GCCcore-11.3.0/lib
GSL_LIBS:INTERNAL=
GSL_LIBS_L:INTERNAL=
GSL_LIBS_OTHER:INTERNAL=
GSL_LIBS_PATHS:INTERNAL=
GSL_MODULE_NAME:INTERNAL=gsl
GSL_PREFIX:INTERNAL=/p/software/jusuf/stages/2023/software/GSL/2.7-GCCcore-11.3.0
//ADVANCED property for variable: GSL_ROOT_DIR
GSL_ROOT_DIR-ADVANCED:INTERNAL=1
GSL_STATIC_CFLAGS:INTERNAL=
GSL_STATIC_CFLAGS_I:INTERNAL=
GSL_STATIC_CFLAGS_OTHER:INTERNAL=
GSL_STATIC_INCLUDE_DIRS:INTERNAL=
GSL_STATIC_LDFLAGS:INTERNAL=-L/p/software/jusuf/stages/2023/software/GSL/2.7-GCCcore-11.3.0/lib;-lgsl;-lgslcblas;-lm;-lpthread
GSL_STATIC_LDFLAGS_OTHER:INTERNAL=
GSL_STATIC_LIBDIR:INTERNAL=
GSL_STATIC_LIBRARIES:INTERNAL=gsl;gslcblas;m;pthread
GSL_STATIC_LIBRARY_DIRS:INTERNAL=/p/software/jusuf/stages/2023/software/GSL/2.7-GCCcore-11.3.0/lib
GSL_STATIC_LIBS:INTERNAL=
GSL_STATIC_LIBS_L:INTERNAL=
GSL_STATIC_LIBS_OTHER:INTERNAL=
GSL_STATIC_LIBS_PATHS:INTERNAL=
//ADVANCED property for variable: GSL_VERSION
GSL_VERSION-ADVANCED:INTERNAL=1
GSL_VERSION:INTERNAL=2.7
GSL_gsl_INCLUDEDIR:INTERNAL=
GSL_gsl_LIBDIR:INTERNAL=
GSL_gsl_PREFIX:INTERNAL=
GSL_gsl_VERSION:INTERNAL=
//Have include inttypes.h
HAVE_INTTYPES_H:INTERNAL=1
//Have symbol isnan
HAVE_ISNAN:INTERNAL=1
//Have include istream
HAVE_ISTREAM:INTERNAL=1
//Result of TRY_COMPILE
HAVE_LONG_LONG_SIZE:INTERNAL=TRUE
//Have includes mach/mach.h
HAVE_MACH_MACH_H:INTERNAL=
//Have includes mach-o/dyld.h
HAVE_MACH_O_DYLD_H:INTERNAL=
//Have include memory.h
HAVE_MEMORY_H:INTERNAL=1
//Have symbol M_E
HAVE_M_E:INTERNAL=1
//Have symbol M_PI
HAVE_M_PI:INTERNAL=1
//Have symbol NAN
HAVE_NAN:INTERNAL=1
//Have include ostream
HAVE_OSTREAM:INTERNAL=1
//Have include sstream
HAVE_SSTREAM:INTERNAL=1
//Have include stddef.h
HAVE_STDDEF_H:INTERNAL=1
//Have include stdint.h
HAVE_STDINT_H:INTERNAL=1
//Have include sys/types.h
HAVE_SYS_TYPES_H:INTERNAL=1
//Result of TRY_COMPILE
HAVE_UINT16_T_SIZE:INTERNAL=TRUE
//Result of TRY_COMPILE
HAVE_UINT64_T_SIZE:INTERNAL=TRUE
//Result of TRY_COMPILE
HAVE_U_INT16_T_SIZE:INTERNAL=TRUE
//Result of TRY_COMPILE
HAVE_U_INT64_T_SIZE:INTERNAL=TRUE
//ADVANCED property for variable: LIBTOOL_EXECUTABLE
LIBTOOL_EXECUTABLE-ADVANCED:INTERNAL=1
//CHECK_TYPE_SIZE: sizeof(long long)
LONG_LONG_SIZE:INTERNAL=8
//ADVANCED property for variable: LTDL_INCLUDE_DIR
LTDL_INCLUDE_DIR-ADVANCED:INTERNAL=1
//ADVANCED property for variable: LTDL_LIBRARY
LTDL_LIBRARY-ADVANCED:INTERNAL=1
//Result of TRY_COMPILE
OpenMP_COMPILE_RESULT_CXX_fopenmp:INTERNAL=TRUE
//Result of TRY_COMPILE
OpenMP_COMPILE_RESULT_C_fopenmp:INTERNAL=TRUE
//ADVANCED property for variable: OpenMP_CXX_FLAGS
OpenMP_CXX_FLAGS-ADVANCED:INTERNAL=1
//ADVANCED property for variable: OpenMP_CXX_LIB_NAMES
OpenMP_CXX_LIB_NAMES-ADVANCED:INTERNAL=1
//CXX compiler's OpenMP specification date
OpenMP_CXX_SPEC_DATE:INTERNAL=201511
//ADVANCED property for variable: OpenMP_C_FLAGS
OpenMP_C_FLAGS-ADVANCED:INTERNAL=1
//ADVANCED property for variable: OpenMP_C_LIB_NAMES
OpenMP_C_LIB_NAMES-ADVANCED:INTERNAL=1
//C compiler's OpenMP specification date
OpenMP_C_SPEC_DATE:INTERNAL=201511
//Result of TRY_COMPILE
OpenMP_SPECTEST_CXX_:INTERNAL=TRUE
//Result of TRY_COMPILE
OpenMP_SPECTEST_C_:INTERNAL=TRUE
//ADVANCED property for variable: OpenMP_gomp_LIBRARY
OpenMP_gomp_LIBRARY-ADVANCED:INTERNAL=1
//ADVANCED property for variable: OpenMP_pthread_LIBRARY
OpenMP_pthread_LIBRARY-ADVANCED:INTERNAL=1
//ADVANCED property for variable: PKG_CONFIG_ARGN
PKG_CONFIG_ARGN-ADVANCED:INTERNAL=1
//ADVANCED property for variable: PKG_CONFIG_EXECUTABLE
PKG_CONFIG_EXECUTABLE-ADVANCED:INTERNAL=1
//ADVANCED property for variable: PYTHON_ENABLE_MODULE_pynestkernel
PYTHON_ENABLE_MODULE_pynestkernel-ADVANCED:INTERNAL=1
//ADVANCED property for variable: PYTHON_MODULE_pynestkernel_BUILD_SHARED
PYTHON_MODULE_pynestkernel_BUILD_SHARED-ADVANCED:INTERNAL=1
//Result of try_run()
RUN_RESULT:INTERNAL=0
//CHECK_TYPE_SIZE: sizeof(uint16_t)
UINT16_T_SIZE:INTERNAL=2
//CHECK_TYPE_SIZE: sizeof(uint64_t)
UINT64_T_SIZE:INTERNAL=8
//CHECK_TYPE_SIZE: sizeof(u_int16_t)
U_INT16_T_SIZE:INTERNAL=2
//CHECK_TYPE_SIZE: sizeof(u_int64_t)
U_INT64_T_SIZE:INTERNAL=8
//linker supports push/pop state
_CMAKE_LINKER_PUSHPOP_STATE_SUPPORTED:INTERNAL=TRUE
//CMAKE_INSTALL_PREFIX during last run
_GNUInstallDirs_LAST_CMAKE_INSTALL_PREFIX:INTERNAL=/p/home/jusers/linssen1/jusuf/NestBenchmark/nest-simulator-install
//Compiler reason failure
_Python_Compiler_REASON_FAILURE:INTERNAL=
_Python_DEVELOPMENT_MODULE_SIGNATURE:INTERNAL=acc52581aa9e3a253c7b21ecb53a9a4a
//Development reason failure
_Python_Development_REASON_FAILURE:INTERNAL=
_Python_EXECUTABLE:INTERNAL=/p/software/jusuf/stages/2023/software/Python/3.10.4-GCCcore-11.3.0/bin/python3.10
//Path to a file.
_Python_INCLUDE_DIR:INTERNAL=/p/software/jusuf/stages/2023/software/Python/3.10.4-GCCcore-11.3.0/include/python3.10
//Python Properties
_Python_INTERPRETER_PROPERTIES:INTERNAL=Python;3;10;4;64;;cpython-310-x86_64-linux-gnu;abi3;/p/software/jusuf/stages/2023/software/Python/3.10.4-GCCcore-11.3.0/lib/python3.10;/p/software/jusuf/stages/2023/software/Python/3.10.4-GCCcore-11.3.0/lib/python3.10;/p/software/jusuf/stages/2023/software/Python/3.10.4-GCCcore-11.3.0/lib/python3.10/site-packages;/p/software/jusuf/stages/2023/software/Python/3.10.4-GCCcore-11.3.0/lib/python3.10/site-packages
_Python_INTERPRETER_SIGNATURE:INTERNAL=b86067a32de684bec16010a697516576
//Interpreter reason failure
_Python_Interpreter_REASON_FAILURE:INTERNAL=
//NumPy reason failure
_Python_NumPy_REASON_FAILURE:INTERNAL=
__pkg_config_arguments_GSL:INTERNAL=QUIET;gsl
__pkg_config_checked_GSL:INTERNAL=1
//ADVANCED property for variable: boost_headers_DIR
boost_headers_DIR-ADVANCED:INTERNAL=1
corresponding_pxd_file:INTERNAL=
header_location:INTERNAL=
//Have function expm1
math.h:INTERNAL=
//ADVANCED property for variable: pkgcfg_lib_GSL_gsl
pkgcfg_lib_GSL_gsl-ADVANCED:INTERNAL=1
//ADVANCED property for variable: pkgcfg_lib_GSL_gslcblas
pkgcfg_lib_GSL_gslcblas-ADVANCED:INTERNAL=1
//ADVANCED property for variable: pkgcfg_lib_GSL_m
pkgcfg_lib_GSL_m-ADVANCED:INTERNAL=1
//ADVANCED property for variable: pkgcfg_lib_GSL_pthread
pkgcfg_lib_GSL_pthread-ADVANCED:INTERNAL=1
prefix_result:INTERNAL=/p/software/jusuf/stages/2023/software/GSL/2.7-GCCcore-11.3.0/lib
pxd_location:INTERNAL=

